<?xml version="1.0" encoding="UTF-8"?>
<!-- Generated by org.testng.reporters.JUnitReportReporter -->
<testsuite hostname="LAPTOP-BG21BR8A" name="com.homepageTest.HomePageTest" tests="1" failures="0" timestamp="5 Aug 2018 04:25:52 GMT" time="20.030" errors="0">
  <testcase name="TC0015" time="20.030" classname="com.homepageTest.HomePageTest"/>
</testsuite> <!-- com.homepageTest.HomePageTest -->
