<?xml version="1.0" encoding="UTF-8"?>
<!-- Generated by org.testng.reporters.JUnitReportReporter -->
<testsuite hostname="DESKTOP-OJD5JE1" name="com.registrationTest.RegistrationTest" tests="2" failures="0" timestamp="19 May 2018 14:52:07 GMT" time="23.460" errors="0">
  <testcase name="TC001" time="13.106" classname="com.registrationTest.RegistrationTest"/>
  <testcase name="TC002" time="10.354" classname="com.registrationTest.RegistrationTest"/>
</testsuite> <!-- com.registrationTest.RegistrationTest -->
