<?xml version="1.0" encoding="UTF-8"?>
<!-- Generated by org.testng.reporters.JUnitReportReporter -->
<testsuite hostname="DESKTOP-OJD5JE1" name="com.homepageTest.HomePageConst" tests="1" failures="0" timestamp="19 May 2018 14:01:09 GMT" time="11.970" errors="0">
  <testcase name="launchBrowserAndURL" time="11.970" classname="com.homepageTest.HomePageConst"/>
</testsuite> <!-- com.homepageTest.HomePageConst -->
