<?xml version="1.0" encoding="UTF-8"?>
<!-- Generated by org.testng.reporters.JUnitReportReporter -->
<testsuite hostname="LAPTOP-BG21BR8A" name="com.registrationTest.RegistrationTest" tests="2" failures="0" timestamp="5 Aug 2018 04:25:52 GMT" time="61.062" errors="0">
  <testcase name="TC002" time="29.982" classname="com.registrationTest.RegistrationTest"/>
  <testcase name="TC001" time="31.080" classname="com.registrationTest.RegistrationTest"/>
</testsuite> <!-- com.registrationTest.RegistrationTest -->
