<?xml version="1.0" encoding="UTF-8"?>
<!-- Generated by org.testng.reporters.JUnitReportReporter -->
<testsuite hostname="DESKTOP-OJD5JE1" name="frameset.ReadConfigFile" tests="1" failures="0" timestamp="19 May 2018 13:46:42 GMT" time="0.021" errors="0">
  <testcase name="readConfigurationFile" time="0.021" classname="frameset.ReadConfigFile"/>
</testsuite> <!-- frameset.ReadConfigFile -->
