<?xml version="1.0" encoding="UTF-8"?>
<!-- Generated by org.testng.reporters.JUnitReportReporter -->
<testsuite hostname="LAPTOP-BG21BR8A" name="com.registrationTest.RegistrationTest" tests="2" failures="0" timestamp="5 Aug 2018 00:29:24 GMT" time="28.729" errors="0">
  <testcase name="TC002" time="12.613" classname="com.registrationTest.RegistrationTest"/>
  <testcase name="TC001" time="16.116" classname="com.registrationTest.RegistrationTest"/>
</testsuite> <!-- com.registrationTest.RegistrationTest -->
